<?xml version="1.0" encoding="UTF-8"?>
<!-- Generated by org.testng.reporters.JUnitReportReporter -->
<testsuite hostname="Aman-Anand" failures="0" tests="1" name="com.crm.vtiger.practice.ParametersTest" time="42.620" errors="0" timestamp="2022-03-23T14:41:15 IST" skipped="0">
  <testcase classname="com.crm.vtiger.practice.ParametersTest" name="getData" time="42.620"/>
  <system-out/>
</testsuite> <!-- com.crm.vtiger.practice.ParametersTest -->
