<?xml version="1.0" encoding="UTF-8"?>
<!-- Generated by org.testng.reporters.JUnitReportReporter -->
<testsuite skipped="0" hostname="Aman-Anand" name="com.crm.vtiger.practice.ParametersTest" tests="1" failures="0" timestamp="2022-03-23T14:50:48 IST" time="83.020" errors="0">
  <testcase name="getData" time="83.020" classname="com.crm.vtiger.practice.ParametersTest"/>
  <system-out/>
</testsuite> <!-- com.crm.vtiger.practice.ParametersTest -->
